{"D:\\native\\myapp\\src\\actions\\postsActions.js": {"path":"D:\\native\\myapp\\src\\actions\\postsActions.js","statementMap":{"0":{"start":{"line":20,"column":2},"end":{"line":23,"column":4}},"1":{"start":{"line":27,"column":2},"end":{"line":30,"column":4}},"2":{"start":{"line":34,"column":2},"end":{"line":37,"column":4}},"3":{"start":{"line":41,"column":2},"end":{"line":44,"column":4}},"4":{"start":{"line":57,"column":2},"end":{"line":62,"column":4}},"5":{"start":{"line":58,"column":4},"end":{"line":60,"column":7}},"6":{"start":{"line":59,"column":6},"end":{"line":59,"column":33}},"7":{"start":{"line":61,"column":4},"end":{"line":61,"column":34}},"8":{"start":{"line":66,"column":2},"end":{"line":75,"column":4}},"9":{"start":{"line":67,"column":4},"end":{"line":73,"column":7}},"10":{"start":{"line":68,"column":6},"end":{"line":72,"column":8}},"11":{"start":{"line":74,"column":4},"end":{"line":74,"column":34}},"12":{"start":{"line":79,"column":2},"end":{"line":85,"column":4}},"13":{"start":{"line":80,"column":4},"end":{"line":83,"column":7}},"14":{"start":{"line":81,"column":19},"end":{"line":81,"column":65}},"15":{"start":{"line":82,"column":6},"end":{"line":82,"column":25}},"16":{"start":{"line":84,"column":4},"end":{"line":84,"column":35}},"17":{"start":{"line":89,"column":2},"end":{"line":95,"column":4}},"18":{"start":{"line":90,"column":22},"end":{"line":90,"column":43}},"19":{"start":{"line":91,"column":18},"end":{"line":93,"column":6}},"20":{"start":{"line":92,"column":6},"end":{"line":92,"column":25}},"21":{"start":{"line":94,"column":4},"end":{"line":94,"column":36}}},"fnMap":{"0":{"name":"updatePostAction","decl":{"start":{"line":19,"column":16},"end":{"line":19,"column":32}},"loc":{"start":{"line":19,"column":63},"end":{"line":24,"column":1}},"line":19},"1":{"name":"deletePostAction","decl":{"start":{"line":26,"column":16},"end":{"line":26,"column":32}},"loc":{"start":{"line":26,"column":63},"end":{"line":31,"column":1}},"line":26},"2":{"name":"addPostAction","decl":{"start":{"line":33,"column":16},"end":{"line":33,"column":29}},"loc":{"start":{"line":33,"column":57},"end":{"line":38,"column":1}},"line":33},"3":{"name":"getPostsAction","decl":{"start":{"line":40,"column":16},"end":{"line":40,"column":30}},"loc":{"start":{"line":40,"column":61},"end":{"line":45,"column":1}},"line":40},"4":{"name":"addPost","decl":{"start":{"line":56,"column":16},"end":{"line":56,"column":23}},"loc":{"start":{"line":56,"column":49},"end":{"line":63,"column":1}},"line":56},"5":{"name":"(anonymous_5)","decl":{"start":{"line":57,"column":9},"end":{"line":57,"column":10}},"loc":{"start":{"line":57,"column":21},"end":{"line":62,"column":3}},"line":57},"6":{"name":"(anonymous_6)","decl":{"start":{"line":58,"column":16},"end":{"line":58,"column":17}},"loc":{"start":{"line":58,"column":22},"end":{"line":60,"column":5}},"line":58},"7":{"name":"updatePost","decl":{"start":{"line":65,"column":16},"end":{"line":65,"column":26}},"loc":{"start":{"line":65,"column":52},"end":{"line":76,"column":1}},"line":65},"8":{"name":"(anonymous_8)","decl":{"start":{"line":66,"column":9},"end":{"line":66,"column":10}},"loc":{"start":{"line":66,"column":21},"end":{"line":75,"column":3}},"line":66},"9":{"name":"(anonymous_9)","decl":{"start":{"line":67,"column":16},"end":{"line":67,"column":17}},"loc":{"start":{"line":67,"column":22},"end":{"line":73,"column":5}},"line":67},"10":{"name":"deletePost","decl":{"start":{"line":78,"column":16},"end":{"line":78,"column":26}},"loc":{"start":{"line":78,"column":52},"end":{"line":86,"column":1}},"line":78},"11":{"name":"(anonymous_11)","decl":{"start":{"line":79,"column":9},"end":{"line":79,"column":10}},"loc":{"start":{"line":79,"column":21},"end":{"line":85,"column":3}},"line":79},"12":{"name":"(anonymous_12)","decl":{"start":{"line":80,"column":16},"end":{"line":80,"column":17}},"loc":{"start":{"line":80,"column":22},"end":{"line":83,"column":5}},"line":80},"13":{"name":"getPosts","decl":{"start":{"line":88,"column":16},"end":{"line":88,"column":24}},"loc":{"start":{"line":88,"column":40},"end":{"line":96,"column":1}},"line":88},"14":{"name":"(anonymous_14)","decl":{"start":{"line":89,"column":9},"end":{"line":89,"column":10}},"loc":{"start":{"line":89,"column":21},"end":{"line":95,"column":3}},"line":89},"15":{"name":"(anonymous_15)","decl":{"start":{"line":91,"column":32},"end":{"line":91,"column":33}},"loc":{"start":{"line":91,"column":40},"end":{"line":93,"column":5}},"line":91}},"branchMap":{},"s":{"0":1,"1":2,"2":1,"3":1,"4":0,"5":0,"6":0,"7":0,"8":0,"9":0,"10":0,"11":0,"12":0,"13":0,"14":0,"15":0,"16":0,"17":0,"18":0,"19":0,"20":0,"21":0},"f":{"0":1,"1":2,"2":1,"3":1,"4":0,"5":0,"6":0,"7":0,"8":0,"9":0,"10":0,"11":0,"12":0,"13":0,"14":0,"15":0},"b":{},"_coverageSchema":"332fd63041d2c1bcb487cc26dd0d5f7d97098a6c","hash":"b7656a439c9d2fb1cfcb07b8365cfd4eec8f4ad0"}
,"D:\\native\\myapp\\src\\actions\\postsFeedActions.js": {"path":"D:\\native\\myapp\\src\\actions\\postsFeedActions.js","statementMap":{"0":{"start":{"line":13,"column":2},"end":{"line":16,"column":4}},"1":{"start":{"line":20,"column":2},"end":{"line":28,"column":4}},"2":{"start":{"line":21,"column":22},"end":{"line":23,"column":50}},"3":{"start":{"line":24,"column":18},"end":{"line":26,"column":6}},"4":{"start":{"line":25,"column":6},"end":{"line":25,"column":25}},"5":{"start":{"line":27,"column":4},"end":{"line":27,"column":39}},"6":{"start":{"line":32,"column":2},"end":{"line":35,"column":4}},"7":{"start":{"line":39,"column":2},"end":{"line":42,"column":4}},"8":{"start":{"line":46,"column":2},"end":{"line":50,"column":4}},"9":{"start":{"line":47,"column":4},"end":{"line":49,"column":77}},"10":{"start":{"line":48,"column":24},"end":{"line":48,"column":39}},"11":{"start":{"line":49,"column":24},"end":{"line":49,"column":75}}},"fnMap":{"0":{"name":"setToggleSearchStatus","decl":{"start":{"line":10,"column":16},"end":{"line":10,"column":37}},"loc":{"start":{"line":12,"column":28},"end":{"line":17,"column":1}},"line":12},"1":{"name":"filterPostsByUserName","decl":{"start":{"line":19,"column":16},"end":{"line":19,"column":37}},"loc":{"start":{"line":19,"column":66},"end":{"line":29,"column":1}},"line":19},"2":{"name":"(anonymous_2)","decl":{"start":{"line":20,"column":9},"end":{"line":20,"column":10}},"loc":{"start":{"line":20,"column":21},"end":{"line":28,"column":3}},"line":20},"3":{"name":"(anonymous_3)","decl":{"start":{"line":24,"column":32},"end":{"line":24,"column":33}},"loc":{"start":{"line":24,"column":40},"end":{"line":26,"column":5}},"line":24},"4":{"name":"filterPostsAction","decl":{"start":{"line":31,"column":16},"end":{"line":31,"column":33}},"loc":{"start":{"line":31,"column":67},"end":{"line":36,"column":1}},"line":31},"5":{"name":"setDayOFWeekAction","decl":{"start":{"line":38,"column":16},"end":{"line":38,"column":34}},"loc":{"start":{"line":38,"column":77},"end":{"line":43,"column":1}},"line":38},"6":{"name":"fetchDayOfTheWeek","decl":{"start":{"line":45,"column":16},"end":{"line":45,"column":33}},"loc":{"start":{"line":45,"column":49},"end":{"line":51,"column":1}},"line":45},"7":{"name":"(anonymous_7)","decl":{"start":{"line":46,"column":9},"end":{"line":46,"column":10}},"loc":{"start":{"line":46,"column":21},"end":{"line":50,"column":3}},"line":46},"8":{"name":"(anonymous_8)","decl":{"start":{"line":48,"column":12},"end":{"line":48,"column":13}},"loc":{"start":{"line":48,"column":24},"end":{"line":48,"column":39}},"line":48},"9":{"name":"(anonymous_9)","decl":{"start":{"line":49,"column":12},"end":{"line":49,"column":13}},"loc":{"start":{"line":49,"column":24},"end":{"line":49,"column":75}},"line":49}},"branchMap":{},"s":{"0":1,"1":0,"2":0,"3":0,"4":0,"5":0,"6":1,"7":0,"8":1,"9":1,"10":1,"11":0},"f":{"0":1,"1":0,"2":0,"3":0,"4":1,"5":0,"6":1,"7":1,"8":1,"9":0},"b":{},"_coverageSchema":"332fd63041d2c1bcb487cc26dd0d5f7d97098a6c","hash":"48e4f27ebd1f266490e1136633b71275fc713b21"}
,"D:\\native\\myapp\\src\\actions\\profileActions.js": {"path":"D:\\native\\myapp\\src\\actions\\profileActions.js","statementMap":{"0":{"start":{"line":6,"column":2},"end":{"line":9,"column":4}},"1":{"start":{"line":13,"column":2},"end":{"line":16,"column":4}}},"fnMap":{"0":{"name":"setUserName","decl":{"start":{"line":5,"column":16},"end":{"line":5,"column":27}},"loc":{"start":{"line":5,"column":65},"end":{"line":10,"column":1}},"line":5},"1":{"name":"setUserPhoto","decl":{"start":{"line":12,"column":16},"end":{"line":12,"column":28}},"loc":{"start":{"line":12,"column":68},"end":{"line":17,"column":1}},"line":12}},"branchMap":{},"s":{"0":1,"1":1},"f":{"0":1,"1":1},"b":{},"_coverageSchema":"332fd63041d2c1bcb487cc26dd0d5f7d97098a6c","hash":"1dea340feae1be93f7aadde2fd34f2e5c69339e7"}
,"D:\\native\\myapp\\src\\components\\common\\ButtonIcon.js": {"path":"D:\\native\\myapp\\src\\components\\common\\ButtonIcon.js","statementMap":{"0":{"start":{"line":12,"column":19},"end":{"line":25,"column":1}},"1":{"start":{"line":13,"column":32},"end":{"line":13,"column":37}},"2":{"start":{"line":14,"column":2},"end":{"line":24,"column":4}},"3":{"start":{"line":28,"column":15},"end":{"line":35,"column":2}}},"fnMap":{"0":{"name":"(anonymous_0)","decl":{"start":{"line":12,"column":19},"end":{"line":12,"column":20}},"loc":{"start":{"line":12,"column":37},"end":{"line":25,"column":1}},"line":12}},"branchMap":{},"s":{"0":1,"1":2,"2":2,"3":1},"f":{"0":2},"b":{},"_coverageSchema":"332fd63041d2c1bcb487cc26dd0d5f7d97098a6c","hash":"654d3141ebae10c4cb534676474632a51392902c"}
,"D:\\native\\myapp\\src\\components\\common\\ConfirmButton.js": {"path":"D:\\native\\myapp\\src\\components\\common\\ConfirmButton.js","statementMap":{"0":{"start":{"line":12,"column":22},"end":{"line":26,"column":1}},"1":{"start":{"line":13,"column":28},"end":{"line":13,"column":33}},"2":{"start":{"line":14,"column":2},"end":{"line":25,"column":4}},"3":{"start":{"line":28,"column":15},"end":{"line":50,"column":2}}},"fnMap":{"0":{"name":"(anonymous_0)","decl":{"start":{"line":12,"column":22},"end":{"line":12,"column":23}},"loc":{"start":{"line":12,"column":40},"end":{"line":26,"column":1}},"line":12}},"branchMap":{},"s":{"0":2,"1":2,"2":2,"3":2},"f":{"0":2},"b":{},"_coverageSchema":"332fd63041d2c1bcb487cc26dd0d5f7d97098a6c","hash":"b0b1e006947d0577d327586186726b1be810b92f"}
,"D:\\native\\myapp\\src\\components\\common\\FadeWrapper.js": {"path":"D:\\native\\myapp\\src\\components\\common\\FadeWrapper.js","statementMap":{"0":{"start":{"line":20,"column":30},"end":{"line":20,"column":40}},"1":{"start":{"line":21,"column":4},"end":{"line":24,"column":15}},"2":{"start":{"line":28,"column":30},"end":{"line":28,"column":40}},"3":{"start":{"line":29,"column":25},"end":{"line":29,"column":35}},"4":{"start":{"line":30,"column":4},"end":{"line":34,"column":6}}},"fnMap":{"0":{"name":"(anonymous_0)","decl":{"start":{"line":19,"column":2},"end":{"line":19,"column":3}},"loc":{"start":{"line":19,"column":22},"end":{"line":25,"column":3}},"line":19},"1":{"name":"(anonymous_1)","decl":{"start":{"line":27,"column":2},"end":{"line":27,"column":3}},"loc":{"start":{"line":27,"column":11},"end":{"line":35,"column":3}},"line":27}},"branchMap":{},"s":{"0":0,"1":0,"2":0,"3":0,"4":0},"f":{"0":0,"1":0},"b":{},"_coverageSchema":"332fd63041d2c1bcb487cc26dd0d5f7d97098a6c","hash":"562d0043f9ad783b182be4c559080fa63223fe1f"}
,"D:\\native\\myapp\\src\\components\\common\\HeaderTitle.js": {"path":"D:\\native\\myapp\\src\\components\\common\\HeaderTitle.js","statementMap":{"0":{"start":{"line":10,"column":20},"end":{"line":13,"column":1}},"1":{"start":{"line":11,"column":19},"end":{"line":11,"column":24}},"2":{"start":{"line":12,"column":2},"end":{"line":12,"column":49}},"3":{"start":{"line":15,"column":15},"end":{"line":26,"column":2}}},"fnMap":{"0":{"name":"(anonymous_0)","decl":{"start":{"line":10,"column":20},"end":{"line":10,"column":21}},"loc":{"start":{"line":10,"column":38},"end":{"line":13,"column":1}},"line":10}},"branchMap":{},"s":{"0":1,"1":1,"2":1,"3":1},"f":{"0":1},"b":{},"_coverageSchema":"332fd63041d2c1bcb487cc26dd0d5f7d97098a6c","hash":"9b13b599199fecd09cbef0653cfedc2df23d01ac"}
,"D:\\native\\myapp\\src\\components\\common\\UserInfo.js": {"path":"D:\\native\\myapp\\src\\components\\common\\UserInfo.js","statementMap":{"0":{"start":{"line":14,"column":17},"end":{"line":22,"column":1}},"1":{"start":{"line":15,"column":33},"end":{"line":15,"column":38}},"2":{"start":{"line":16,"column":2},"end":{"line":21,"column":4}},"3":{"start":{"line":24,"column":15},"end":{"line":41,"column":2}}},"fnMap":{"0":{"name":"(anonymous_0)","decl":{"start":{"line":14,"column":17},"end":{"line":14,"column":18}},"loc":{"start":{"line":14,"column":35},"end":{"line":22,"column":1}},"line":14}},"branchMap":{},"s":{"0":1,"1":0,"2":0,"3":1},"f":{"0":0},"b":{},"_coverageSchema":"332fd63041d2c1bcb487cc26dd0d5f7d97098a6c","hash":"56db13c58f9aa430f17eec363eaf75eceadb612c"}
,"D:\\native\\myapp\\src\\components\\common\\UserPost.js": {"path":"D:\\native\\myapp\\src\\components\\common\\UserPost.js","statementMap":{"0":{"start":{"line":18,"column":17},"end":{"line":38,"column":1}},"1":{"start":{"line":19,"column":72},"end":{"line":19,"column":77}},"2":{"start":{"line":21,"column":27},"end":{"line":23,"column":3}},"3":{"start":{"line":22,"column":4},"end":{"line":22,"column":51}},"4":{"start":{"line":22,"column":28},"end":{"line":22,"column":51}},"5":{"start":{"line":25,"column":2},"end":{"line":37,"column":4}},"6":{"start":{"line":40,"column":15},"end":{"line":77,"column":2}}},"fnMap":{"0":{"name":"(anonymous_0)","decl":{"start":{"line":18,"column":17},"end":{"line":18,"column":18}},"loc":{"start":{"line":18,"column":35},"end":{"line":38,"column":1}},"line":18},"1":{"name":"(anonymous_1)","decl":{"start":{"line":21,"column":27},"end":{"line":21,"column":28}},"loc":{"start":{"line":21,"column":33},"end":{"line":23,"column":3}},"line":21}},"branchMap":{"0":{"loc":{"start":{"line":22,"column":4},"end":{"line":22,"column":51}},"type":"if","locations":[{"start":{"line":22,"column":4},"end":{"line":22,"column":51}},{"start":{"line":22,"column":4},"end":{"line":22,"column":51}}],"line":22},"1":{"loc":{"start":{"line":28,"column":7},"end":{"line":34,"column":7}},"type":"cond-expr","locations":[{"start":{"line":29,"column":8},"end":{"line":29,"column":53}},{"start":{"line":31,"column":8},"end":{"line":33,"column":29}}],"line":28}},"s":{"0":1,"1":0,"2":0,"3":0,"4":0,"5":0,"6":1},"f":{"0":0,"1":0},"b":{"0":[0,0],"1":[0,0]},"_coverageSchema":"332fd63041d2c1bcb487cc26dd0d5f7d97098a6c","hash":"7e403ac9ab9fa94067e88cc08b9de840e4a908a9"}
,"D:\\native\\myapp\\src\\components\\screens\\InitialScreen\\InitialScreen.js": {"path":"D:\\native\\myapp\\src\\components\\screens\\InitialScreen\\InitialScreen.js","statementMap":{"0":{"start":{"line":27,"column":8},"end":{"line":27,"column":18}},"1":{"start":{"line":28,"column":4},"end":{"line":30,"column":5}},"2":{"start":{"line":29,"column":6},"end":{"line":29,"column":36}},"3":{"start":{"line":31,"column":4},"end":{"line":37,"column":5}},"4":{"start":{"line":32,"column":6},"end":{"line":34,"column":8}},"5":{"start":{"line":35,"column":6},"end":{"line":35,"column":26}},"6":{"start":{"line":36,"column":6},"end":{"line":36,"column":17}},"7":{"start":{"line":41,"column":26},"end":{"line":41,"column":36}},"8":{"start":{"line":42,"column":4},"end":{"line":48,"column":7}},"9":{"start":{"line":51,"column":29},"end":{"line":51,"column":39}},"10":{"start":{"line":52,"column":4},"end":{"line":57,"column":6}},"11":{"start":{"line":61,"column":15},"end":{"line":74,"column":2}}},"fnMap":{"0":{"name":"(anonymous_0)","decl":{"start":{"line":19,"column":2},"end":{"line":19,"column":3}},"loc":{"start":{"line":19,"column":22},"end":{"line":38,"column":3}},"line":19},"1":{"name":"(anonymous_1)","decl":{"start":{"line":40,"column":23},"end":{"line":40,"column":24}},"loc":{"start":{"line":40,"column":29},"end":{"line":49,"column":3}},"line":40},"2":{"name":"(anonymous_2)","decl":{"start":{"line":50,"column":2},"end":{"line":50,"column":3}},"loc":{"start":{"line":50,"column":11},"end":{"line":58,"column":3}},"line":50}},"branchMap":{"0":{"loc":{"start":{"line":28,"column":4},"end":{"line":30,"column":5}},"type":"if","locations":[{"start":{"line":28,"column":4},"end":{"line":30,"column":5}},{"start":{"line":28,"column":4},"end":{"line":30,"column":5}}],"line":28},"1":{"loc":{"start":{"line":31,"column":4},"end":{"line":37,"column":5}},"type":"if","locations":[{"start":{"line":31,"column":4},"end":{"line":37,"column":5}},{"start":{"line":31,"column":4},"end":{"line":37,"column":5}}],"line":31}},"s":{"0":1,"1":1,"2":0,"3":1,"4":0,"5":0,"6":0,"7":0,"8":0,"9":1,"10":1,"11":1},"f":{"0":1,"1":0,"2":1},"b":{"0":[0,1],"1":[0,1]},"_coverageSchema":"332fd63041d2c1bcb487cc26dd0d5f7d97098a6c","hash":"5c6b79c54d8c643f1a2fcb17fea45fa0fed3fd4e"}
,"D:\\native\\myapp\\src\\components\\screens\\PostsFeed\\PostsFeed.js": {"path":"D:\\native\\myapp\\src\\components\\screens\\PostsFeed\\PostsFeed.js","statementMap":{"0":{"start":{"line":22,"column":38},"end":{"line":22,"column":48}},"1":{"start":{"line":23,"column":4},"end":{"line":23,"column":32}},"2":{"start":{"line":27,"column":33},"end":{"line":27,"column":43}},"3":{"start":{"line":28,"column":25},"end":{"line":30,"column":6}},"4":{"start":{"line":29,"column":6},"end":{"line":29,"column":28}},"5":{"start":{"line":31,"column":4},"end":{"line":40,"column":7}},"6":{"start":{"line":44,"column":58},"end":{"line":44,"column":68}},"7":{"start":{"line":45,"column":4},"end":{"line":45,"column":47}},"8":{"start":{"line":48,"column":36},"end":{"line":48,"column":43}},"9":{"start":{"line":51,"column":69},"end":{"line":51,"column":79}},"10":{"start":{"line":52,"column":4},"end":{"line":58,"column":7}},"11":{"start":{"line":59,"column":4},"end":{"line":61,"column":5}},"12":{"start":{"line":60,"column":6},"end":{"line":60,"column":49}},"13":{"start":{"line":65,"column":4},"end":{"line":75,"column":6}},"14":{"start":{"line":79,"column":54},"end":{"line":79,"column":64}},"15":{"start":{"line":80,"column":4},"end":{"line":109,"column":6}},"16":{"start":{"line":113,"column":15},"end":{"line":133,"column":2}}},"fnMap":{"0":{"name":"(anonymous_0)","decl":{"start":{"line":21,"column":17},"end":{"line":21,"column":18}},"loc":{"start":{"line":21,"column":35},"end":{"line":24,"column":3}},"line":21},"1":{"name":"(anonymous_1)","decl":{"start":{"line":26,"column":23},"end":{"line":26,"column":24}},"loc":{"start":{"line":26,"column":39},"end":{"line":41,"column":3}},"line":26},"2":{"name":"(anonymous_2)","decl":{"start":{"line":28,"column":36},"end":{"line":28,"column":37}},"loc":{"start":{"line":28,"column":44},"end":{"line":30,"column":5}},"line":28},"3":{"name":"(anonymous_3)","decl":{"start":{"line":43,"column":14},"end":{"line":43,"column":15}},"loc":{"start":{"line":43,"column":20},"end":{"line":46,"column":3}},"line":43},"4":{"name":"(anonymous_4)","decl":{"start":{"line":48,"column":20},"end":{"line":48,"column":21}},"loc":{"start":{"line":48,"column":36},"end":{"line":48,"column":43}},"line":48},"5":{"name":"(anonymous_5)","decl":{"start":{"line":50,"column":23},"end":{"line":50,"column":24}},"loc":{"start":{"line":50,"column":29},"end":{"line":62,"column":3}},"line":50},"6":{"name":"(anonymous_6)","decl":{"start":{"line":64,"column":15},"end":{"line":64,"column":16}},"loc":{"start":{"line":64,"column":48},"end":{"line":76,"column":3}},"line":64},"7":{"name":"(anonymous_7)","decl":{"start":{"line":78,"column":2},"end":{"line":78,"column":3}},"loc":{"start":{"line":78,"column":11},"end":{"line":110,"column":3}},"line":78}},"branchMap":{"0":{"loc":{"start":{"line":59,"column":4},"end":{"line":61,"column":5}},"type":"if","locations":[{"start":{"line":59,"column":4},"end":{"line":61,"column":5}},{"start":{"line":59,"column":4},"end":{"line":61,"column":5}}],"line":59},"1":{"loc":{"start":{"line":87,"column":9},"end":{"line":96,"column":9}},"type":"cond-expr","locations":[{"start":{"line":88,"column":10},"end":{"line":93,"column":12}},{"start":{"line":95,"column":10},"end":{"line":95,"column":18}}],"line":87}},"s":{"0":0,"1":0,"2":0,"3":0,"4":0,"5":0,"6":0,"7":0,"8":0,"9":0,"10":0,"11":0,"12":0,"13":0,"14":1,"15":1,"16":1},"f":{"0":0,"1":0,"2":0,"3":0,"4":0,"5":0,"6":0,"7":1},"b":{"0":[0,0],"1":[0,1]},"_coverageSchema":"332fd63041d2c1bcb487cc26dd0d5f7d97098a6c","hash":"df228f956944ee0a3bc1f7b0eb3d3e41c8ad1c09"}
,"D:\\native\\myapp\\src\\constants\\actionTypes.js": {"path":"D:\\native\\myapp\\src\\constants\\actionTypes.js","statementMap":{"0":{"start":{"line":2,"column":32},"end":{"line":2,"column":50}},"1":{"start":{"line":4,"column":2},"end":{"line":4,"column":35}},"2":{"start":{"line":5,"column":24},"end":{"line":5,"column":34}},"3":{"start":{"line":6,"column":27},"end":{"line":6,"column":40}},"4":{"start":{"line":7,"column":27},"end":{"line":7,"column":40}},"5":{"start":{"line":8,"column":25},"end":{"line":8,"column":36}},"6":{"start":{"line":9,"column":28},"end":{"line":9,"column":42}},"7":{"start":{"line":10,"column":30},"end":{"line":10,"column":46}},"8":{"start":{"line":11,"column":31},"end":{"line":11,"column":48}}},"fnMap":{},"branchMap":{},"s":{"0":4,"1":4,"2":4,"3":4,"4":4,"5":4,"6":4,"7":4,"8":4},"f":{},"b":{},"_coverageSchema":"332fd63041d2c1bcb487cc26dd0d5f7d97098a6c","hash":"03e56bbd8cc5e34d1275747f0b58409ab61a07ed"}
,"D:\\native\\myapp\\src\\constants\\colors.js": {"path":"D:\\native\\myapp\\src\\constants\\colors.js","statementMap":{"0":{"start":{"line":2,"column":31},"end":{"line":8,"column":1}},"1":{"start":{"line":9,"column":26},"end":{"line":9,"column":35}},"2":{"start":{"line":10,"column":28},"end":{"line":10,"column":37}},"3":{"start":{"line":11,"column":35},"end":{"line":11,"column":41}},"4":{"start":{"line":12,"column":32},"end":{"line":12,"column":41}},"5":{"start":{"line":13,"column":33},"end":{"line":13,"column":42}}},"fnMap":{},"branchMap":{},"s":{"0":3,"1":3,"2":3,"3":3,"4":3,"5":3},"f":{},"b":{},"_coverageSchema":"332fd63041d2c1bcb487cc26dd0d5f7d97098a6c","hash":"3f5ba0e195baa59824a68eef63ec18436f5bbd6b"}
,"D:\\native\\myapp\\src\\constants\\posts.js": {"path":"D:\\native\\myapp\\src\\constants\\posts.js","statementMap":{"0":{"start":{"line":1,"column":20},"end":{"line":11,"column":1}},"1":{"start":{"line":13,"column":21},"end":{"line":44,"column":1}}},"fnMap":{},"branchMap":{},"s":{"0":1,"1":1},"f":{},"b":{},"_coverageSchema":"332fd63041d2c1bcb487cc26dd0d5f7d97098a6c","hash":"04d083b997451dd4aceca0f4b30dd7afd67d91dc"}
,"D:\\native\\myapp\\src\\database\\index.js": {"path":"D:\\native\\myapp\\src\\database\\index.js","statementMap":{"0":{"start":{"line":4,"column":14},"end":{"line":4,"column":30}},"1":{"start":{"line":6,"column":24},"end":{"line":10,"column":1}}},"fnMap":{},"branchMap":{},"s":{"0":3,"1":3},"f":{},"b":{},"_coverageSchema":"332fd63041d2c1bcb487cc26dd0d5f7d97098a6c","hash":"0af6fad3d9e84ac5c645ae9bff0d1f14fbc1cdbb"}
,"D:\\native\\myapp\\src\\database\\schema\\post.js": {"path":"D:\\native\\myapp\\src\\database\\schema\\post.js","statementMap":{"0":{"start":{"line":2,"column":19},"end":{"line":14,"column":1}}},"fnMap":{},"branchMap":{},"s":{"0":3},"f":{},"b":{},"_coverageSchema":"332fd63041d2c1bcb487cc26dd0d5f7d97098a6c","hash":"d0048b1e36c754b66b2e945e325a979a71c29dc9"}
,"D:\\native\\myapp\\src\\reducers\\screenReducers\\posts.js": {"path":"D:\\native\\myapp\\src\\reducers\\screenReducers\\posts.js","statementMap":{"0":{"start":{"line":25,"column":19},"end":{"line":25,"column":21}},"1":{"start":{"line":28,"column":15},"end":{"line":28,"column":26}},"2":{"start":{"line":29,"column":16},"end":{"line":29,"column":26}},"3":{"start":{"line":30,"column":2},"end":{"line":34,"column":5}},"4":{"start":{"line":31,"column":4},"end":{"line":33,"column":22}},"5":{"start":{"line":32,"column":6},"end":{"line":32,"column":70}},"6":{"start":{"line":33,"column":11},"end":{"line":33,"column":22}},"7":{"start":{"line":41,"column":2},"end":{"line":62,"column":3}},"8":{"start":{"line":43,"column":6},"end":{"line":43,"column":37}},"9":{"start":{"line":46,"column":20},"end":{"line":46,"column":56}},"10":{"start":{"line":47,"column":6},"end":{"line":47,"column":19}},"11":{"start":{"line":50,"column":6},"end":{"line":50,"column":26}},"12":{"start":{"line":53,"column":6},"end":{"line":53,"column":26}},"13":{"start":{"line":56,"column":27},"end":{"line":56,"column":37}},"14":{"start":{"line":57,"column":20},"end":{"line":57,"column":70}},"15":{"start":{"line":57,"column":48},"end":{"line":57,"column":69}},"16":{"start":{"line":58,"column":6},"end":{"line":58,"column":19}},"17":{"start":{"line":61,"column":6},"end":{"line":61,"column":19}}},"fnMap":{"0":{"name":"getPostsAfterUpdating","decl":{"start":{"line":27,"column":9},"end":{"line":27,"column":30}},"loc":{"start":{"line":27,"column":46},"end":{"line":35,"column":1}},"line":27},"1":{"name":"(anonymous_1)","decl":{"start":{"line":30,"column":19},"end":{"line":30,"column":20}},"loc":{"start":{"line":30,"column":26},"end":{"line":34,"column":3}},"line":30},"2":{"name":"postsReducer","decl":{"start":{"line":37,"column":24},"end":{"line":37,"column":36}},"loc":{"start":{"line":40,"column":9},"end":{"line":63,"column":1}},"line":40},"3":{"name":"(anonymous_3)","decl":{"start":{"line":57,"column":40},"end":{"line":57,"column":41}},"loc":{"start":{"line":57,"column":48},"end":{"line":57,"column":69}},"line":57}},"branchMap":{"0":{"loc":{"start":{"line":31,"column":4},"end":{"line":33,"column":22}},"type":"if","locations":[{"start":{"line":31,"column":4},"end":{"line":33,"column":22}},{"start":{"line":31,"column":4},"end":{"line":33,"column":22}}],"line":31},"1":{"loc":{"start":{"line":38,"column":2},"end":{"line":38,"column":27}},"type":"default-arg","locations":[{"start":{"line":38,"column":17},"end":{"line":38,"column":27}}],"line":38},"2":{"loc":{"start":{"line":41,"column":2},"end":{"line":62,"column":3}},"type":"switch","locations":[{"start":{"line":42,"column":4},"end":{"line":44,"column":5}},{"start":{"line":45,"column":4},"end":{"line":48,"column":5}},{"start":{"line":49,"column":4},"end":{"line":51,"column":5}},{"start":{"line":52,"column":4},"end":{"line":54,"column":5}},{"start":{"line":55,"column":4},"end":{"line":59,"column":5}},{"start":{"line":60,"column":4},"end":{"line":61,"column":19}}],"line":41}},"s":{"0":1,"1":2,"2":2,"3":2,"4":2,"5":1,"6":1,"7":7,"8":1,"9":2,"10":2,"11":1,"12":1,"13":1,"14":1,"15":1,"16":1,"17":1},"f":{"0":2,"1":2,"2":7,"3":1},"b":{"0":[1,1],"1":[1],"2":[1,2,1,1,1,1]},"_coverageSchema":"332fd63041d2c1bcb487cc26dd0d5f7d97098a6c","hash":"bf48d292eb89172e1d3ed55c391822c715f185ed"}
,"D:\\native\\myapp\\src\\reducers\\screenReducers\\postsFeed.js": {"path":"D:\\native\\myapp\\src\\reducers\\screenReducers\\postsFeed.js","statementMap":{"0":{"start":{"line":18,"column":21},"end":{"line":22,"column":1}},"1":{"start":{"line":30,"column":2},"end":{"line":48,"column":3}},"2":{"start":{"line":32,"column":6},"end":{"line":35,"column":8}},"3":{"start":{"line":37,"column":6},"end":{"line":40,"column":8}},"4":{"start":{"line":42,"column":6},"end":{"line":45,"column":8}},"5":{"start":{"line":47,"column":6},"end":{"line":47,"column":19}}},"fnMap":{"0":{"name":"postsFeed","decl":{"start":{"line":26,"column":24},"end":{"line":26,"column":33}},"loc":{"start":{"line":29,"column":9},"end":{"line":49,"column":1}},"line":29}},"branchMap":{"0":{"loc":{"start":{"line":27,"column":2},"end":{"line":27,"column":29}},"type":"default-arg","locations":[{"start":{"line":27,"column":17},"end":{"line":27,"column":29}}],"line":27},"1":{"loc":{"start":{"line":30,"column":2},"end":{"line":48,"column":3}},"type":"switch","locations":[{"start":{"line":31,"column":4},"end":{"line":35,"column":8}},{"start":{"line":36,"column":4},"end":{"line":40,"column":8}},{"start":{"line":41,"column":4},"end":{"line":45,"column":8}},{"start":{"line":46,"column":4},"end":{"line":47,"column":19}}],"line":30}},"s":{"0":1,"1":4,"2":1,"3":1,"4":1,"5":1},"f":{"0":4},"b":{"0":[1],"1":[1,1,1,1]},"_coverageSchema":"332fd63041d2c1bcb487cc26dd0d5f7d97098a6c","hash":"54ec5cfd4658a95445f28b48c94a814391a2db25"}
,"D:\\native\\myapp\\src\\reducers\\screenReducers\\profile.js": {"path":"D:\\native\\myapp\\src\\reducers\\screenReducers\\profile.js","statementMap":{"0":{"start":{"line":10,"column":21},"end":{"line":13,"column":1}},"1":{"start":{"line":21,"column":2},"end":{"line":34,"column":3}},"2":{"start":{"line":23,"column":6},"end":{"line":26,"column":8}},"3":{"start":{"line":28,"column":6},"end":{"line":31,"column":8}},"4":{"start":{"line":33,"column":6},"end":{"line":33,"column":19}}},"fnMap":{"0":{"name":"profile","decl":{"start":{"line":17,"column":24},"end":{"line":17,"column":31}},"loc":{"start":{"line":20,"column":9},"end":{"line":35,"column":1}},"line":20}},"branchMap":{"0":{"loc":{"start":{"line":18,"column":2},"end":{"line":18,"column":29}},"type":"default-arg","locations":[{"start":{"line":18,"column":17},"end":{"line":18,"column":29}}],"line":18},"1":{"loc":{"start":{"line":21,"column":2},"end":{"line":34,"column":3}},"type":"switch","locations":[{"start":{"line":22,"column":4},"end":{"line":26,"column":8}},{"start":{"line":27,"column":4},"end":{"line":31,"column":8}},{"start":{"line":32,"column":4},"end":{"line":33,"column":19}}],"line":21}},"s":{"0":1,"1":3,"2":1,"3":1,"4":1},"f":{"0":3},"b":{"0":[1],"1":[1,1,1]},"_coverageSchema":"332fd63041d2c1bcb487cc26dd0d5f7d97098a6c","hash":"14a45130d440b9774101f444ca27f47de41adc85"}
}
