{"D:\\native\\myapp\\src\\actions\\postsActions.js": {"path":"D:\\native\\myapp\\src\\actions\\postsActions.js","statementMap":{"0":{"start":{"line":16,"column":2},"end":{"line":19,"column":4}},"1":{"start":{"line":23,"column":2},"end":{"line":26,"column":4}},"2":{"start":{"line":30,"column":2},"end":{"line":33,"column":4}},"3":{"start":{"line":37,"column":2},"end":{"line":40,"column":4}},"4":{"start":{"line":43,"column":28},"end":{"line":45,"column":1}},"5":{"start":{"line":44,"column":2},"end":{"line":44,"column":35}},"6":{"start":{"line":47,"column":35},"end":{"line":52,"column":1}},"7":{"start":{"line":48,"column":2},"end":{"line":51,"column":4}},"8":{"start":{"line":54,"column":33},"end":{"line":56,"column":1}},"9":{"start":{"line":55,"column":2},"end":{"line":55,"column":43}}},"fnMap":{"0":{"name":"updatePost","decl":{"start":{"line":15,"column":16},"end":{"line":15,"column":26}},"loc":{"start":{"line":15,"column":57},"end":{"line":20,"column":1}},"line":15},"1":{"name":"deletePost","decl":{"start":{"line":22,"column":16},"end":{"line":22,"column":26}},"loc":{"start":{"line":22,"column":57},"end":{"line":27,"column":1}},"line":22},"2":{"name":"addPost","decl":{"start":{"line":29,"column":16},"end":{"line":29,"column":23}},"loc":{"start":{"line":29,"column":51},"end":{"line":34,"column":1}},"line":29},"3":{"name":"filterPosts","decl":{"start":{"line":36,"column":16},"end":{"line":36,"column":27}},"loc":{"start":{"line":36,"column":62},"end":{"line":41,"column":1}},"line":36},"4":{"name":"(anonymous_4)","decl":{"start":{"line":43,"column":28},"end":{"line":43,"column":29}},"loc":{"start":{"line":43,"column":48},"end":{"line":45,"column":1}},"line":43},"5":{"name":"(anonymous_5)","decl":{"start":{"line":47,"column":35},"end":{"line":47,"column":36}},"loc":{"start":{"line":47,"column":74},"end":{"line":52,"column":1}},"line":47},"6":{"name":"(anonymous_6)","decl":{"start":{"line":54,"column":33},"end":{"line":54,"column":34}},"loc":{"start":{"line":54,"column":58},"end":{"line":56,"column":1}},"line":54}},"branchMap":{},"s":{"0":0,"1":0,"2":0,"3":0,"4":1,"5":0,"6":1,"7":5,"8":1,"9":4},"f":{"0":0,"1":0,"2":0,"3":0,"4":0,"5":5,"6":4},"b":{},"_coverageSchema":"332fd63041d2c1bcb487cc26dd0d5f7d97098a6c","hash":"a22c72dccb3a00e865aa32a714b85799760131a5"}
,"D:\\native\\myapp\\src\\actions\\postsFeedActions.js": {"path":"D:\\native\\myapp\\src\\actions\\postsFeedActions.js","statementMap":{"0":{"start":{"line":8,"column":2},"end":{"line":11,"column":4}},"1":{"start":{"line":14,"column":32},"end":{"line":16,"column":1}},"2":{"start":{"line":15,"column":2},"end":{"line":15,"column":41}},"3":{"start":{"line":18,"column":33},"end":{"line":20,"column":1}},"4":{"start":{"line":19,"column":2},"end":{"line":19,"column":71}},"5":{"start":{"line":22,"column":31},"end":{"line":24,"column":1}},"6":{"start":{"line":23,"column":2},"end":{"line":23,"column":49}}},"fnMap":{"0":{"name":"setToggleSearchStatus","decl":{"start":{"line":5,"column":16},"end":{"line":5,"column":37}},"loc":{"start":{"line":7,"column":28},"end":{"line":12,"column":1}},"line":7},"1":{"name":"(anonymous_1)","decl":{"start":{"line":14,"column":32},"end":{"line":14,"column":33}},"loc":{"start":{"line":14,"column":38},"end":{"line":16,"column":1}},"line":14},"2":{"name":"(anonymous_2)","decl":{"start":{"line":18,"column":33},"end":{"line":18,"column":34}},"loc":{"start":{"line":18,"column":56},"end":{"line":20,"column":1}},"line":18},"3":{"name":"(anonymous_3)","decl":{"start":{"line":22,"column":31},"end":{"line":22,"column":32}},"loc":{"start":{"line":22,"column":37},"end":{"line":24,"column":1}},"line":22}},"branchMap":{},"s":{"0":0,"1":1,"2":0,"3":1,"4":5,"5":1,"6":4},"f":{"0":0,"1":0,"2":5,"3":4},"b":{},"_coverageSchema":"332fd63041d2c1bcb487cc26dd0d5f7d97098a6c","hash":"4e134dce5698b3182409d4c0626cdc95d4edba26"}
,"D:\\native\\myapp\\src\\api\\api.js": {"path":"D:\\native\\myapp\\src\\api\\api.js","statementMap":{"0":{"start":{"line":7,"column":2},"end":{"line":7,"column":43}},"1":{"start":{"line":11,"column":2},"end":{"line":11,"column":51}},"2":{"start":{"line":15,"column":2},"end":{"line":15,"column":50}},"3":{"start":{"line":19,"column":2},"end":{"line":19,"column":60}},"4":{"start":{"line":23,"column":2},"end":{"line":23,"column":54}},"5":{"start":{"line":27,"column":2},"end":{"line":27,"column":58}}},"fnMap":{"0":{"name":"fetchPosts","decl":{"start":{"line":6,"column":16},"end":{"line":6,"column":26}},"loc":{"start":{"line":6,"column":29},"end":{"line":8,"column":1}},"line":6},"1":{"name":"deletePostFromServer","decl":{"start":{"line":10,"column":16},"end":{"line":10,"column":36}},"loc":{"start":{"line":10,"column":49},"end":{"line":12,"column":1}},"line":10},"2":{"name":"addNewPostToServer","decl":{"start":{"line":14,"column":16},"end":{"line":14,"column":34}},"loc":{"start":{"line":14,"column":47},"end":{"line":16,"column":1}},"line":14},"3":{"name":"updatePostOnServer","decl":{"start":{"line":18,"column":16},"end":{"line":18,"column":34}},"loc":{"start":{"line":18,"column":47},"end":{"line":20,"column":1}},"line":18},"4":{"name":"filterPostsByUserName","decl":{"start":{"line":22,"column":16},"end":{"line":22,"column":37}},"loc":{"start":{"line":22,"column":53},"end":{"line":24,"column":1}},"line":22},"5":{"name":"fetchDayOfTheWeek","decl":{"start":{"line":26,"column":16},"end":{"line":26,"column":33}},"loc":{"start":{"line":26,"column":36},"end":{"line":28,"column":1}},"line":26}},"branchMap":{},"s":{"0":0,"1":0,"2":0,"3":0,"4":0,"5":0},"f":{"0":0,"1":0,"2":0,"3":0,"4":0,"5":0},"b":{},"_coverageSchema":"332fd63041d2c1bcb487cc26dd0d5f7d97098a6c","hash":"1d5e0a61493a2bde50bdfc21103a808f35f1ad1d"}
,"D:\\native\\myapp\\src\\constants\\URI.js": {"path":"D:\\native\\myapp\\src\\constants\\URI.js","statementMap":{"0":{"start":{"line":2,"column":19},"end":{"line":4,"column":1}},"1":{"start":{"line":5,"column":25},"end":{"line":7,"column":1}},"2":{"start":{"line":9,"column":26},"end":{"line":9,"column":48}},"3":{"start":{"line":11,"column":31},"end":{"line":11,"column":57}}},"fnMap":{},"branchMap":{},"s":{"0":1,"1":1,"2":1,"3":1},"f":{},"b":{},"_coverageSchema":"332fd63041d2c1bcb487cc26dd0d5f7d97098a6c","hash":"2478f5358cbf81bd5b43b37b10f003eb5f59ba83"}
,"D:\\native\\myapp\\src\\constants\\actionTypes.js": {"path":"D:\\native\\myapp\\src\\constants\\actionTypes.js","statementMap":{"0":{"start":{"line":2,"column":32},"end":{"line":2,"column":50}},"1":{"start":{"line":4,"column":2},"end":{"line":4,"column":35}},"2":{"start":{"line":5,"column":24},"end":{"line":5,"column":34}},"3":{"start":{"line":6,"column":27},"end":{"line":6,"column":40}},"4":{"start":{"line":7,"column":27},"end":{"line":7,"column":40}},"5":{"start":{"line":8,"column":28},"end":{"line":8,"column":42}},"6":{"start":{"line":9,"column":30},"end":{"line":9,"column":46}},"7":{"start":{"line":10,"column":25},"end":{"line":10,"column":36}},"8":{"start":{"line":11,"column":33},"end":{"line":11,"column":52}},"9":{"start":{"line":12,"column":33},"end":{"line":12,"column":52}},"10":{"start":{"line":13,"column":29},"end":{"line":13,"column":44}},"11":{"start":{"line":14,"column":33},"end":{"line":14,"column":52}},"12":{"start":{"line":15,"column":31},"end":{"line":15,"column":48}},"13":{"start":{"line":16,"column":39},"end":{"line":16,"column":64}},"14":{"start":{"line":17,"column":39},"end":{"line":17,"column":64}}},"fnMap":{},"branchMap":{},"s":{"0":2,"1":2,"2":2,"3":2,"4":2,"5":2,"6":2,"7":2,"8":2,"9":2,"10":2,"11":2,"12":2,"13":2,"14":2},"f":{},"b":{},"_coverageSchema":"332fd63041d2c1bcb487cc26dd0d5f7d97098a6c","hash":"181b42921cc1cb08c301c64f7367d0172b166857"}
,"D:\\native\\myapp\\src\\reducers\\screenReducers\\posts.js": {"path":"D:\\native\\myapp\\src\\reducers\\screenReducers\\posts.js","statementMap":{"0":{"start":{"line":29,"column":26},"end":{"line":33,"column":1}},"1":{"start":{"line":36,"column":15},"end":{"line":36,"column":26}},"2":{"start":{"line":37,"column":16},"end":{"line":37,"column":26}},"3":{"start":{"line":38,"column":2},"end":{"line":42,"column":5}},"4":{"start":{"line":39,"column":4},"end":{"line":41,"column":22}},"5":{"start":{"line":40,"column":6},"end":{"line":40,"column":70}},"6":{"start":{"line":41,"column":11},"end":{"line":41,"column":22}},"7":{"start":{"line":49,"column":2},"end":{"line":73,"column":3}},"8":{"start":{"line":51,"column":6},"end":{"line":51,"column":42}},"9":{"start":{"line":53,"column":6},"end":{"line":53,"column":64}},"10":{"start":{"line":55,"column":6},"end":{"line":55,"column":56}},"11":{"start":{"line":57,"column":6},"end":{"line":57,"column":42}},"12":{"start":{"line":59,"column":20},"end":{"line":59,"column":49}},"13":{"start":{"line":60,"column":6},"end":{"line":60,"column":40}},"14":{"start":{"line":63,"column":20},"end":{"line":63,"column":62}},"15":{"start":{"line":64,"column":6},"end":{"line":64,"column":40}},"16":{"start":{"line":67,"column":27},"end":{"line":67,"column":43}},"17":{"start":{"line":68,"column":20},"end":{"line":68,"column":70}},"18":{"start":{"line":68,"column":48},"end":{"line":68,"column":69}},"19":{"start":{"line":69,"column":6},"end":{"line":69,"column":40}},"20":{"start":{"line":72,"column":6},"end":{"line":72,"column":19}}},"fnMap":{"0":{"name":"getPostsAfterUpdating","decl":{"start":{"line":35,"column":9},"end":{"line":35,"column":30}},"loc":{"start":{"line":35,"column":46},"end":{"line":43,"column":1}},"line":35},"1":{"name":"(anonymous_1)","decl":{"start":{"line":38,"column":19},"end":{"line":38,"column":20}},"loc":{"start":{"line":38,"column":26},"end":{"line":42,"column":3}},"line":38},"2":{"name":"postsReducer","decl":{"start":{"line":45,"column":24},"end":{"line":45,"column":36}},"loc":{"start":{"line":48,"column":9},"end":{"line":74,"column":1}},"line":48},"3":{"name":"(anonymous_3)","decl":{"start":{"line":68,"column":40},"end":{"line":68,"column":41}},"loc":{"start":{"line":68,"column":48},"end":{"line":68,"column":69}},"line":68}},"branchMap":{"0":{"loc":{"start":{"line":39,"column":4},"end":{"line":41,"column":22}},"type":"if","locations":[{"start":{"line":39,"column":4},"end":{"line":41,"column":22}},{"start":{"line":39,"column":4},"end":{"line":41,"column":22}}],"line":39},"1":{"loc":{"start":{"line":46,"column":2},"end":{"line":46,"column":27}},"type":"default-arg","locations":[{"start":{"line":46,"column":17},"end":{"line":46,"column":27}}],"line":46},"2":{"loc":{"start":{"line":49,"column":2},"end":{"line":73,"column":3}},"type":"switch","locations":[{"start":{"line":50,"column":4},"end":{"line":51,"column":42}},{"start":{"line":52,"column":4},"end":{"line":53,"column":64}},{"start":{"line":54,"column":4},"end":{"line":55,"column":56}},{"start":{"line":56,"column":4},"end":{"line":57,"column":42}},{"start":{"line":58,"column":4},"end":{"line":61,"column":5}},{"start":{"line":62,"column":4},"end":{"line":65,"column":5}},{"start":{"line":66,"column":4},"end":{"line":70,"column":5}},{"start":{"line":71,"column":4},"end":{"line":72,"column":19}}],"line":49}},"s":{"0":2,"1":0,"2":0,"3":0,"4":0,"5":0,"6":0,"7":2,"8":0,"9":1,"10":0,"11":0,"12":0,"13":0,"14":0,"15":0,"16":0,"17":0,"18":0,"19":0,"20":1},"f":{"0":0,"1":0,"2":2,"3":0},"b":{"0":[0,0],"1":[1],"2":[0,1,0,0,0,0,0,1]},"_coverageSchema":"332fd63041d2c1bcb487cc26dd0d5f7d97098a6c","hash":"5db09a09965d037a1a5931959b0f11b093bd8bf4"}
,"D:\\native\\myapp\\src\\reducers\\screenReducers\\postsFeed.js": {"path":"D:\\native\\myapp\\src\\reducers\\screenReducers\\postsFeed.js","statementMap":{"0":{"start":{"line":19,"column":28},"end":{"line":25,"column":1}},"1":{"start":{"line":38,"column":2},"end":{"line":57,"column":3}},"2":{"start":{"line":40,"column":6},"end":{"line":40,"column":42}},"3":{"start":{"line":42,"column":6},"end":{"line":42,"column":75}},"4":{"start":{"line":44,"column":6},"end":{"line":44,"column":56}},"5":{"start":{"line":46,"column":6},"end":{"line":49,"column":8}},"6":{"start":{"line":51,"column":6},"end":{"line":54,"column":8}},"7":{"start":{"line":56,"column":6},"end":{"line":56,"column":19}}},"fnMap":{"0":{"name":"postsFeed","decl":{"start":{"line":34,"column":24},"end":{"line":34,"column":33}},"loc":{"start":{"line":37,"column":9},"end":{"line":58,"column":1}},"line":37}},"branchMap":{"0":{"loc":{"start":{"line":35,"column":2},"end":{"line":35,"column":29}},"type":"default-arg","locations":[{"start":{"line":35,"column":17},"end":{"line":35,"column":29}}],"line":35},"1":{"loc":{"start":{"line":38,"column":2},"end":{"line":57,"column":3}},"type":"switch","locations":[{"start":{"line":39,"column":4},"end":{"line":40,"column":42}},{"start":{"line":41,"column":4},"end":{"line":42,"column":75}},{"start":{"line":43,"column":4},"end":{"line":44,"column":56}},{"start":{"line":45,"column":4},"end":{"line":49,"column":8}},{"start":{"line":50,"column":4},"end":{"line":54,"column":8}},{"start":{"line":55,"column":4},"end":{"line":56,"column":19}}],"line":38}},"s":{"0":2,"1":2,"2":0,"3":1,"4":0,"5":0,"6":0,"7":1},"f":{"0":2},"b":{"0":[1],"1":[0,1,0,0,0,1]},"_coverageSchema":"332fd63041d2c1bcb487cc26dd0d5f7d97098a6c","hash":"99e9d44097fd3fa156ed7d241a356109df61c291"}
,"D:\\native\\myapp\\src\\reducers\\screenReducers\\profile.js": {"path":"D:\\native\\myapp\\src\\reducers\\screenReducers\\profile.js","statementMap":{"0":{"start":{"line":10,"column":28},"end":{"line":13,"column":1}},"1":{"start":{"line":21,"column":2},"end":{"line":34,"column":3}},"2":{"start":{"line":23,"column":6},"end":{"line":26,"column":8}},"3":{"start":{"line":28,"column":6},"end":{"line":31,"column":8}},"4":{"start":{"line":33,"column":6},"end":{"line":33,"column":19}}},"fnMap":{"0":{"name":"profile","decl":{"start":{"line":17,"column":24},"end":{"line":17,"column":31}},"loc":{"start":{"line":20,"column":9},"end":{"line":35,"column":1}},"line":20}},"branchMap":{"0":{"loc":{"start":{"line":18,"column":2},"end":{"line":18,"column":29}},"type":"default-arg","locations":[{"start":{"line":18,"column":17},"end":{"line":18,"column":29}}],"line":18},"1":{"loc":{"start":{"line":21,"column":2},"end":{"line":34,"column":3}},"type":"switch","locations":[{"start":{"line":22,"column":4},"end":{"line":26,"column":8}},{"start":{"line":27,"column":4},"end":{"line":31,"column":8}},{"start":{"line":32,"column":4},"end":{"line":33,"column":19}}],"line":21}},"s":{"0":1,"1":0,"2":0,"3":0,"4":0},"f":{"0":0},"b":{"0":[0],"1":[0,0,0]},"_coverageSchema":"332fd63041d2c1bcb487cc26dd0d5f7d97098a6c","hash":"d6030418e08f05c3514ced33bba90826794b90c3"}
,"D:\\native\\myapp\\src\\sagas\\postsSaga.js": {"path":"D:\\native\\myapp\\src\\sagas\\postsSaga.js","statementMap":{"0":{"start":{"line":16,"column":25},"end":{"line":22,"column":1}},"1":{"start":{"line":25,"column":2},"end":{"line":31,"column":3}},"2":{"start":{"line":26,"column":21},"end":{"line":26,"column":43}},"3":{"start":{"line":27,"column":18},"end":{"line":27,"column":31}},"4":{"start":{"line":28,"column":4},"end":{"line":28,"column":42}},"5":{"start":{"line":30,"column":4},"end":{"line":30,"column":35}},"6":{"start":{"line":35,"column":2},"end":{"line":35,"column":46}},"7":{"start":{"line":39,"column":2},"end":{"line":39,"column":46}},"8":{"start":{"line":43,"column":2},"end":{"line":43,"column":46}},"9":{"start":{"line":47,"column":2},"end":{"line":53,"column":3}},"10":{"start":{"line":48,"column":21},"end":{"line":48,"column":68}},"11":{"start":{"line":49,"column":18},"end":{"line":49,"column":31}},"12":{"start":{"line":50,"column":4},"end":{"line":50,"column":42}},"13":{"start":{"line":52,"column":4},"end":{"line":52,"column":35}}},"fnMap":{"0":{"name":"getPosts","decl":{"start":{"line":24,"column":17},"end":{"line":24,"column":25}},"loc":{"start":{"line":24,"column":48},"end":{"line":32,"column":1}},"line":24},"1":{"name":"deletePost","decl":{"start":{"line":34,"column":10},"end":{"line":34,"column":20}},"loc":{"start":{"line":34,"column":49},"end":{"line":36,"column":1}},"line":34},"2":{"name":"addPost","decl":{"start":{"line":38,"column":10},"end":{"line":38,"column":17}},"loc":{"start":{"line":38,"column":46},"end":{"line":40,"column":1}},"line":38},"3":{"name":"updatePost","decl":{"start":{"line":42,"column":10},"end":{"line":42,"column":20}},"loc":{"start":{"line":42,"column":49},"end":{"line":44,"column":1}},"line":42},"4":{"name":"filterPosts","decl":{"start":{"line":46,"column":10},"end":{"line":46,"column":21}},"loc":{"start":{"line":46,"column":50},"end":{"line":54,"column":1}},"line":46}},"branchMap":{},"s":{"0":1,"1":5,"2":5,"3":4,"4":3,"5":2,"6":0,"7":0,"8":0,"9":0,"10":0,"11":0,"12":0,"13":0},"f":{"0":5,"1":0,"2":0,"3":0,"4":0},"b":{},"_coverageSchema":"332fd63041d2c1bcb487cc26dd0d5f7d97098a6c","hash":"947d8117e7cfb273b730722cd4f012704319b6be"}
,"D:\\native\\myapp\\src\\sagas\\worldClockSaga.js": {"path":"D:\\native\\myapp\\src\\sagas\\worldClockSaga.js","statementMap":{"0":{"start":{"line":10,"column":23},"end":{"line":10,"column":65}},"1":{"start":{"line":13,"column":2},"end":{"line":19,"column":3}},"2":{"start":{"line":14,"column":21},"end":{"line":14,"column":50}},"3":{"start":{"line":15,"column":16},"end":{"line":15,"column":42}},"4":{"start":{"line":16,"column":4},"end":{"line":16,"column":38}},"5":{"start":{"line":18,"column":4},"end":{"line":18,"column":33}}},"fnMap":{"0":{"name":"getDay","decl":{"start":{"line":12,"column":17},"end":{"line":12,"column":23}},"loc":{"start":{"line":12,"column":46},"end":{"line":20,"column":1}},"line":12}},"branchMap":{},"s":{"0":1,"1":5,"2":5,"3":3,"4":3,"5":2},"f":{"0":5},"b":{},"_coverageSchema":"332fd63041d2c1bcb487cc26dd0d5f7d97098a6c","hash":"3d48fe372132bdfcf2f8e813ccb430edb46be9b4"}
,"D:\\native\\myapp\\src\\selectors\\index.js": {"path":"D:\\native\\myapp\\src\\selectors\\index.js","statementMap":{"0":{"start":{"line":4,"column":27},"end":{"line":4,"column":67}},"1":{"start":{"line":4,"column":45},"end":{"line":4,"column":67}},"2":{"start":{"line":5,"column":28},"end":{"line":5,"column":69}},"3":{"start":{"line":5,"column":46},"end":{"line":5,"column":69}},"4":{"start":{"line":6,"column":24},"end":{"line":6,"column":66}},"5":{"start":{"line":6,"column":42},"end":{"line":6,"column":66}},"6":{"start":{"line":7,"column":31},"end":{"line":7,"column":77}},"7":{"start":{"line":7,"column":49},"end":{"line":7,"column":77}},"8":{"start":{"line":8,"column":29},"end":{"line":8,"column":73}},"9":{"start":{"line":8,"column":47},"end":{"line":8,"column":73}},"10":{"start":{"line":9,"column":38},"end":{"line":10,"column":29}},"11":{"start":{"line":10,"column":2},"end":{"line":10,"column":29}},"12":{"start":{"line":11,"column":37},"end":{"line":12,"column":36}},"13":{"start":{"line":12,"column":2},"end":{"line":12,"column":36}}},"fnMap":{"0":{"name":"(anonymous_0)","decl":{"start":{"line":4,"column":27},"end":{"line":4,"column":28}},"loc":{"start":{"line":4,"column":45},"end":{"line":4,"column":67}},"line":4},"1":{"name":"(anonymous_1)","decl":{"start":{"line":5,"column":28},"end":{"line":5,"column":29}},"loc":{"start":{"line":5,"column":46},"end":{"line":5,"column":69}},"line":5},"2":{"name":"(anonymous_2)","decl":{"start":{"line":6,"column":24},"end":{"line":6,"column":25}},"loc":{"start":{"line":6,"column":42},"end":{"line":6,"column":66}},"line":6},"3":{"name":"(anonymous_3)","decl":{"start":{"line":7,"column":31},"end":{"line":7,"column":32}},"loc":{"start":{"line":7,"column":49},"end":{"line":7,"column":77}},"line":7},"4":{"name":"(anonymous_4)","decl":{"start":{"line":8,"column":29},"end":{"line":8,"column":30}},"loc":{"start":{"line":8,"column":47},"end":{"line":8,"column":73}},"line":8},"5":{"name":"(anonymous_5)","decl":{"start":{"line":9,"column":38},"end":{"line":9,"column":39}},"loc":{"start":{"line":10,"column":2},"end":{"line":10,"column":29}},"line":10},"6":{"name":"(anonymous_6)","decl":{"start":{"line":11,"column":37},"end":{"line":11,"column":38}},"loc":{"start":{"line":12,"column":2},"end":{"line":12,"column":36}},"line":12}},"branchMap":{},"s":{"0":1,"1":1,"2":1,"3":1,"4":1,"5":1,"6":1,"7":1,"8":1,"9":1,"10":1,"11":1,"12":1,"13":1},"f":{"0":1,"1":1,"2":1,"3":1,"4":1,"5":1,"6":1},"b":{},"_coverageSchema":"332fd63041d2c1bcb487cc26dd0d5f7d97098a6c","hash":"11a88ccc75ff1d4d1e61ee96101c793664100948"}
}
