TN:
SF:D:\native\myapp\src\actions\postsActions.js
FN:19,updatePostAction
FN:26,deletePostAction
FN:33,addPostAction
FN:40,getPostsAction
FN:56,addPost
FN:57,(anonymous_5)
FN:58,(anonymous_6)
FN:65,updatePost
FN:66,(anonymous_8)
FN:67,(anonymous_9)
FN:78,deletePost
FN:79,(anonymous_11)
FN:80,(anonymous_12)
FN:88,getPosts
FN:89,(anonymous_14)
FN:91,(anonymous_15)
FNF:16
FNH:4
FNDA:1,updatePostAction
FNDA:2,deletePostAction
FNDA:1,addPostAction
FNDA:1,getPostsAction
FNDA:0,addPost
FNDA:0,(anonymous_5)
FNDA:0,(anonymous_6)
FNDA:0,updatePost
FNDA:0,(anonymous_8)
FNDA:0,(anonymous_9)
FNDA:0,deletePost
FNDA:0,(anonymous_11)
FNDA:0,(anonymous_12)
FNDA:0,getPosts
FNDA:0,(anonymous_14)
FNDA:0,(anonymous_15)
DA:20,1
DA:27,2
DA:34,1
DA:41,1
DA:57,0
DA:58,0
DA:59,0
DA:61,0
DA:66,0
DA:67,0
DA:68,0
DA:74,0
DA:79,0
DA:80,0
DA:81,0
DA:82,0
DA:84,0
DA:89,0
DA:90,0
DA:91,0
DA:92,0
DA:94,0
LF:22
LH:4
BRF:0
BRH:0
end_of_record
TN:
SF:D:\native\myapp\src\actions\postsFeedActions.js
FN:10,setToggleSearchStatus
FN:19,filterPostsByUserName
FN:20,(anonymous_2)
FN:24,(anonymous_3)
FN:31,filterPostsAction
FN:38,setDayOFWeekAction
FN:45,fetchDayOfTheWeek
FN:46,(anonymous_7)
FN:48,(anonymous_8)
FN:49,(anonymous_9)
FNF:10
FNH:5
FNDA:1,setToggleSearchStatus
FNDA:0,filterPostsByUserName
FNDA:0,(anonymous_2)
FNDA:0,(anonymous_3)
FNDA:1,filterPostsAction
FNDA:0,setDayOFWeekAction
FNDA:1,fetchDayOfTheWeek
FNDA:1,(anonymous_7)
FNDA:1,(anonymous_8)
FNDA:0,(anonymous_9)
DA:13,1
DA:20,0
DA:21,0
DA:24,0
DA:25,0
DA:27,0
DA:32,1
DA:39,0
DA:46,1
DA:47,1
DA:48,1
DA:49,0
LF:12
LH:5
BRF:0
BRH:0
end_of_record
TN:
SF:D:\native\myapp\src\actions\profileActions.js
FN:5,setUserName
FN:12,setUserPhoto
FNF:2
FNH:2
FNDA:1,setUserName
FNDA:1,setUserPhoto
DA:6,1
DA:13,1
LF:2
LH:2
BRF:0
BRH:0
end_of_record
TN:
SF:D:\native\myapp\src\components\common\ButtonIcon.js
FN:12,(anonymous_0)
FNF:1
FNH:1
FNDA:2,(anonymous_0)
DA:12,1
DA:13,2
DA:14,2
DA:28,1
LF:4
LH:4
BRF:0
BRH:0
end_of_record
TN:
SF:D:\native\myapp\src\components\common\ConfirmButton.js
FN:12,(anonymous_0)
FNF:1
FNH:1
FNDA:2,(anonymous_0)
DA:12,2
DA:13,2
DA:14,2
DA:28,2
LF:4
LH:4
BRF:0
BRH:0
end_of_record
TN:
SF:D:\native\myapp\src\components\common\FadeWrapper.js
FN:19,(anonymous_0)
FN:27,(anonymous_1)
FNF:2
FNH:0
FNDA:0,(anonymous_0)
FNDA:0,(anonymous_1)
DA:20,0
DA:21,0
DA:28,0
DA:29,0
DA:30,0
LF:5
LH:0
BRF:0
BRH:0
end_of_record
TN:
SF:D:\native\myapp\src\components\common\HeaderTitle.js
FN:10,(anonymous_0)
FNF:1
FNH:1
FNDA:1,(anonymous_0)
DA:10,1
DA:11,1
DA:12,1
DA:15,1
LF:4
LH:4
BRF:0
BRH:0
end_of_record
TN:
SF:D:\native\myapp\src\components\common\UserInfo.js
FN:14,(anonymous_0)
FNF:1
FNH:0
FNDA:0,(anonymous_0)
DA:14,1
DA:15,0
DA:16,0
DA:24,1
LF:4
LH:2
BRF:0
BRH:0
end_of_record
TN:
SF:D:\native\myapp\src\components\common\UserPost.js
FN:18,(anonymous_0)
FN:21,(anonymous_1)
FNF:2
FNH:0
FNDA:0,(anonymous_0)
FNDA:0,(anonymous_1)
DA:18,1
DA:19,0
DA:21,0
DA:22,0
DA:25,0
DA:40,1
LF:6
LH:2
BRDA:22,0,0,0
BRDA:22,0,1,0
BRDA:28,1,0,0
BRDA:28,1,1,0
BRF:4
BRH:0
end_of_record
TN:
SF:D:\native\myapp\src\components\screens\InitialScreen\InitialScreen.js
FN:19,(anonymous_0)
FN:40,(anonymous_1)
FN:50,(anonymous_2)
FNF:3
FNH:2
FNDA:1,(anonymous_0)
FNDA:0,(anonymous_1)
FNDA:1,(anonymous_2)
DA:27,1
DA:28,1
DA:29,0
DA:31,1
DA:32,0
DA:35,0
DA:36,0
DA:41,0
DA:42,0
DA:51,1
DA:52,1
DA:61,1
LF:12
LH:6
BRDA:28,0,0,0
BRDA:28,0,1,1
BRDA:31,1,0,0
BRDA:31,1,1,1
BRF:4
BRH:2
end_of_record
TN:
SF:D:\native\myapp\src\components\screens\PostsFeed\PostsFeed.js
FN:21,(anonymous_0)
FN:26,(anonymous_1)
FN:28,(anonymous_2)
FN:43,(anonymous_3)
FN:48,(anonymous_4)
FN:50,(anonymous_5)
FN:64,(anonymous_6)
FN:78,(anonymous_7)
FNF:8
FNH:1
FNDA:0,(anonymous_0)
FNDA:0,(anonymous_1)
FNDA:0,(anonymous_2)
FNDA:0,(anonymous_3)
FNDA:0,(anonymous_4)
FNDA:0,(anonymous_5)
FNDA:0,(anonymous_6)
FNDA:1,(anonymous_7)
DA:22,0
DA:23,0
DA:27,0
DA:28,0
DA:29,0
DA:31,0
DA:44,0
DA:45,0
DA:48,0
DA:51,0
DA:52,0
DA:59,0
DA:60,0
DA:65,0
DA:79,1
DA:80,1
DA:113,1
LF:17
LH:3
BRDA:59,0,0,0
BRDA:59,0,1,0
BRDA:87,1,0,0
BRDA:87,1,1,1
BRF:4
BRH:1
end_of_record
TN:
SF:D:\native\myapp\src\constants\actionTypes.js
FNF:0
FNH:0
DA:2,4
DA:4,4
DA:5,4
DA:6,4
DA:7,4
DA:8,4
DA:9,4
DA:10,4
DA:11,4
LF:9
LH:9
BRF:0
BRH:0
end_of_record
TN:
SF:D:\native\myapp\src\constants\colors.js
FNF:0
FNH:0
DA:2,3
DA:9,3
DA:10,3
DA:11,3
DA:12,3
DA:13,3
LF:6
LH:6
BRF:0
BRH:0
end_of_record
TN:
SF:D:\native\myapp\src\constants\posts.js
FNF:0
FNH:0
DA:1,1
DA:13,1
LF:2
LH:2
BRF:0
BRH:0
end_of_record
TN:
SF:D:\native\myapp\src\database\index.js
FNF:0
FNH:0
DA:4,3
DA:6,3
LF:2
LH:2
BRF:0
BRH:0
end_of_record
TN:
SF:D:\native\myapp\src\database\schema\post.js
FNF:0
FNH:0
DA:2,3
LF:1
LH:1
BRF:0
BRH:0
end_of_record
TN:
SF:D:\native\myapp\src\reducers\screenReducers\posts.js
FN:27,getPostsAfterUpdating
FN:30,(anonymous_1)
FN:37,postsReducer
FN:57,(anonymous_3)
FNF:4
FNH:4
FNDA:2,getPostsAfterUpdating
FNDA:2,(anonymous_1)
FNDA:7,postsReducer
FNDA:1,(anonymous_3)
DA:25,1
DA:28,2
DA:29,2
DA:30,2
DA:31,2
DA:32,1
DA:33,1
DA:41,7
DA:43,1
DA:46,2
DA:47,2
DA:50,1
DA:53,1
DA:56,1
DA:57,1
DA:58,1
DA:61,1
LF:17
LH:17
BRDA:31,0,0,1
BRDA:31,0,1,1
BRDA:38,1,0,1
BRDA:41,2,0,1
BRDA:41,2,1,2
BRDA:41,2,2,1
BRDA:41,2,3,1
BRDA:41,2,4,1
BRDA:41,2,5,1
BRF:9
BRH:9
end_of_record
TN:
SF:D:\native\myapp\src\reducers\screenReducers\postsFeed.js
FN:26,postsFeed
FNF:1
FNH:1
FNDA:4,postsFeed
DA:18,1
DA:30,4
DA:32,1
DA:37,1
DA:42,1
DA:47,1
LF:6
LH:6
BRDA:27,0,0,1
BRDA:30,1,0,1
BRDA:30,1,1,1
BRDA:30,1,2,1
BRDA:30,1,3,1
BRF:5
BRH:5
end_of_record
TN:
SF:D:\native\myapp\src\reducers\screenReducers\profile.js
FN:17,profile
FNF:1
FNH:1
FNDA:3,profile
DA:10,1
DA:21,3
DA:23,1
DA:28,1
DA:33,1
LF:5
LH:5
BRDA:18,0,0,1
BRDA:21,1,0,1
BRDA:21,1,1,1
BRDA:21,1,2,1
BRF:4
BRH:4
end_of_record
