TN:
SF:D:\native\myapp\src\actions\postsActions.js
FN:15,updatePost
FN:22,deletePost
FN:29,addPost
FN:36,filterPosts
FN:43,(anonymous_4)
FN:47,(anonymous_5)
FN:54,(anonymous_6)
FNF:7
FNH:2
FNDA:0,updatePost
FNDA:0,deletePost
FNDA:0,addPost
FNDA:0,filterPosts
FNDA:0,(anonymous_4)
FNDA:5,(anonymous_5)
FNDA:4,(anonymous_6)
DA:16,0
DA:23,0
DA:30,0
DA:37,0
DA:43,1
DA:44,0
DA:47,1
DA:48,5
DA:54,1
DA:55,4
LF:10
LH:5
BRF:0
BRH:0
end_of_record
TN:
SF:D:\native\myapp\src\actions\postsFeedActions.js
FN:5,setToggleSearchStatus
FN:14,(anonymous_1)
FN:18,(anonymous_2)
FN:22,(anonymous_3)
FNF:4
FNH:2
FNDA:0,setToggleSearchStatus
FNDA:0,(anonymous_1)
FNDA:5,(anonymous_2)
FNDA:4,(anonymous_3)
DA:8,0
DA:14,1
DA:15,0
DA:18,1
DA:19,5
DA:22,1
DA:23,4
LF:7
LH:5
BRF:0
BRH:0
end_of_record
TN:
SF:D:\native\myapp\src\api\api.js
FN:6,fetchPosts
FN:10,deletePostFromServer
FN:14,addNewPostToServer
FN:18,updatePostOnServer
FN:22,filterPostsByUserName
FN:26,fetchDayOfTheWeek
FNF:6
FNH:0
FNDA:0,fetchPosts
FNDA:0,deletePostFromServer
FNDA:0,addNewPostToServer
FNDA:0,updatePostOnServer
FNDA:0,filterPostsByUserName
FNDA:0,fetchDayOfTheWeek
DA:7,0
DA:11,0
DA:15,0
DA:19,0
DA:23,0
DA:27,0
LF:6
LH:0
BRF:0
BRH:0
end_of_record
TN:
SF:D:\native\myapp\src\constants\URI.js
FNF:0
FNH:0
DA:2,1
DA:5,1
DA:9,1
DA:11,1
LF:4
LH:4
BRF:0
BRH:0
end_of_record
TN:
SF:D:\native\myapp\src\constants\actionTypes.js
FNF:0
FNH:0
DA:2,2
DA:4,2
DA:5,2
DA:6,2
DA:7,2
DA:8,2
DA:9,2
DA:10,2
DA:11,2
DA:12,2
DA:13,2
DA:14,2
DA:15,2
DA:16,2
DA:17,2
LF:15
LH:15
BRF:0
BRH:0
end_of_record
TN:
SF:D:\native\myapp\src\reducers\screenReducers\posts.js
FN:35,getPostsAfterUpdating
FN:38,(anonymous_1)
FN:45,postsReducer
FN:68,(anonymous_3)
FNF:4
FNH:1
FNDA:0,getPostsAfterUpdating
FNDA:0,(anonymous_1)
FNDA:2,postsReducer
FNDA:0,(anonymous_3)
DA:29,2
DA:36,0
DA:37,0
DA:38,0
DA:39,0
DA:40,0
DA:41,0
DA:49,2
DA:51,0
DA:53,1
DA:55,0
DA:57,0
DA:59,0
DA:60,0
DA:63,0
DA:64,0
DA:67,0
DA:68,0
DA:69,0
DA:72,1
LF:20
LH:4
BRDA:39,0,0,0
BRDA:39,0,1,0
BRDA:46,1,0,1
BRDA:49,2,0,0
BRDA:49,2,1,1
BRDA:49,2,2,0
BRDA:49,2,3,0
BRDA:49,2,4,0
BRDA:49,2,5,0
BRDA:49,2,6,0
BRDA:49,2,7,1
BRF:11
BRH:3
end_of_record
TN:
SF:D:\native\myapp\src\reducers\screenReducers\postsFeed.js
FN:34,postsFeed
FNF:1
FNH:1
FNDA:2,postsFeed
DA:19,2
DA:38,2
DA:40,0
DA:42,1
DA:44,0
DA:46,0
DA:51,0
DA:56,1
LF:8
LH:4
BRDA:35,0,0,1
BRDA:38,1,0,0
BRDA:38,1,1,1
BRDA:38,1,2,0
BRDA:38,1,3,0
BRDA:38,1,4,0
BRDA:38,1,5,1
BRF:7
BRH:3
end_of_record
TN:
SF:D:\native\myapp\src\reducers\screenReducers\profile.js
FN:17,profile
FNF:1
FNH:0
FNDA:0,profile
DA:10,1
DA:21,0
DA:23,0
DA:28,0
DA:33,0
LF:5
LH:1
BRDA:18,0,0,0
BRDA:21,1,0,0
BRDA:21,1,1,0
BRDA:21,1,2,0
BRF:4
BRH:0
end_of_record
TN:
SF:D:\native\myapp\src\sagas\postsSaga.js
FN:24,getPosts
FN:34,deletePost
FN:38,addPost
FN:42,updatePost
FN:46,filterPosts
FNF:5
FNH:1
FNDA:5,getPosts
FNDA:0,deletePost
FNDA:0,addPost
FNDA:0,updatePost
FNDA:0,filterPosts
DA:16,1
DA:25,5
DA:26,5
DA:27,4
DA:28,3
DA:30,2
DA:35,0
DA:39,0
DA:43,0
DA:47,0
DA:48,0
DA:49,0
DA:50,0
DA:52,0
LF:14
LH:6
BRF:0
BRH:0
end_of_record
TN:
SF:D:\native\myapp\src\sagas\worldClockSaga.js
FN:12,getDay
FNF:1
FNH:1
FNDA:5,getDay
DA:10,1
DA:13,5
DA:14,5
DA:15,3
DA:16,3
DA:18,2
LF:6
LH:6
BRF:0
BRH:0
end_of_record
TN:
SF:D:\native\myapp\src\selectors\index.js
FN:4,(anonymous_0)
FN:5,(anonymous_1)
FN:6,(anonymous_2)
FN:7,(anonymous_3)
FN:8,(anonymous_4)
FN:9,(anonymous_5)
FN:11,(anonymous_6)
FNF:7
FNH:7
FNDA:1,(anonymous_0)
FNDA:1,(anonymous_1)
FNDA:1,(anonymous_2)
FNDA:1,(anonymous_3)
FNDA:1,(anonymous_4)
FNDA:1,(anonymous_5)
FNDA:1,(anonymous_6)
DA:4,1
DA:5,1
DA:6,1
DA:7,1
DA:8,1
DA:9,1
DA:10,1
DA:11,1
DA:12,1
LF:9
LH:9
BRF:0
BRH:0
end_of_record
